<?xml version="1.0" encoding="UTF-8"?>
<testng-results ignored="0" total="1" passed="1" failed="0" skipped="0">
  <reporter-output>
  </reporter-output>
  <suite started-at="2023-03-21T13:40:35 IST" name="Default suite" finished-at="2023-03-21T13:40:36 IST" duration-ms="64">
    <groups>
    </groups>
    <test started-at="2023-03-21T13:40:35 IST" name="Default test" finished-at="2023-03-21T13:40:36 IST" duration-ms="64">
      <class name="Practice">
        <test-method signature="sample()[pri:0, instance:Practice@306cf3ea]" started-at="2023-03-21T13:40:36 IST" name="sample" finished-at="2023-03-21T13:40:36 IST" duration-ms="10" status="PASS">
          <reporter-output>
          </reporter-output>
        </test-method> <!-- sample -->
      </class> <!-- Practice -->
    </test> <!-- Default test -->
  </suite> <!-- Default suite -->
</testng-results>
